<?xml version="1.0" encoding="UTF-8"?>
<robot generator="Robot 7.4.2 (Python 3.12.10 on win32)" generated="2026-05-26T23:55:57.974510" rpa="false" schemaversion="5">
<suite id="s1" name="T inventory" source="D:\Test_SauceDemo\T_inventory.robot">
<kw name="Open Browser And Login" type="SETUP">
<kw name="Open Browser" owner="SeleniumLibrary">
<msg time="2026-05-26T23:55:58.351195" level="INFO">Opening browser 'chrome' to base url 'https://www.saucedemo.com'.</msg>
<arg>${BASE_URL}</arg>
<arg>${BROWSER}</arg>
<doc>Opens a new browser instance to the optional ``url``.</doc>
<status status="PASS" start="2026-05-26T23:55:58.351195" elapsed="6.270931"/>
</kw>
<kw name="Maximize Browser Window" owner="SeleniumLibrary">
<doc>Maximizes current browser window.</doc>
<status status="PASS" start="2026-05-26T23:56:04.622126" elapsed="0.030076"/>
</kw>
<kw name="Set Selenium Implicit Wait" owner="SeleniumLibrary">
<arg>${IMPLICIT_WAIT}</arg>
<doc>Sets the implicit wait value used by Selenium.</doc>
<status status="PASS" start="2026-05-26T23:56:04.652202" elapsed="0.001001"/>
</kw>
<kw name="Input Text" owner="SeleniumLibrary">
<msg time="2026-05-26T23:56:04.654202" level="INFO">Typing text 'standard_user' into text field 'id=user-name'.</msg>
<arg>${LOGIN_USERNAME}</arg>
<arg>${USERNAME}</arg>
<doc>Types the given ``text`` into the text field identified by ``locator``.</doc>
<status status="PASS" start="2026-05-26T23:56:04.653203" elapsed="0.087275"/>
</kw>
<kw name="Input Text" owner="SeleniumLibrary">
<msg time="2026-05-26T23:56:04.741472" level="INFO">Typing text 'secret_sauce' into text field 'id=password'.</msg>
<arg>${LOGIN_PASSWORD}</arg>
<arg>${PASSWORD}</arg>
<doc>Types the given ``text`` into the text field identified by ``locator``.</doc>
<status status="PASS" start="2026-05-26T23:56:04.741472" elapsed="0.057247"/>
</kw>
<kw name="Click Button" owner="SeleniumLibrary">
<msg time="2026-05-26T23:56:04.799727" level="INFO">Clicking button 'id=login-button'.</msg>
<arg>${LOGIN_BUTTON}</arg>
<doc>Clicks the button identified by ``locator``.</doc>
<status status="PASS" start="2026-05-26T23:56:04.798719" elapsed="0.089617"/>
</kw>
<kw name="Wait Until Element Is Visible" owner="SeleniumLibrary">
<arg>${PAGE_TITLE}</arg>
<arg>timeout=10s</arg>
<doc>Waits until the element ``locator`` is visible.</doc>
<status status="PASS" start="2026-05-26T23:56:04.889335" elapsed="0.019700"/>
</kw>
<doc>เปิด Browser และ Login ด้วย standard_user ก่อนเริ่ม Test Suite</doc>
<status status="PASS" start="2026-05-26T23:55:58.351195" elapsed="6.557840"/>
</kw>
<test id="s1-t1" name="TC-001 แสดงสินค้าทั้งหมดในหน้า Inventory ได้อย่างถูกต้อง" line="90">
<kw name="Navigate To Inventory">
<kw name="Go To" owner="SeleniumLibrary">
<msg time="2026-05-26T23:56:04.913035" level="INFO">Opening url 'https://www.saucedemo.com/inventory.html'</msg>
<arg>${INVENTORY_URL}</arg>
<doc>Navigates the current browser window to the provided ``url``.</doc>
<status status="PASS" start="2026-05-26T23:56:04.913035" elapsed="0.050560"/>
</kw>
<kw name="Wait Until Element Is Visible" owner="SeleniumLibrary">
<arg>${PAGE_TITLE}</arg>
<arg>timeout=10s</arg>
<doc>Waits until the element ``locator`` is visible.</doc>
<status status="PASS" start="2026-05-26T23:56:04.963595" elapsed="0.285783"/>
</kw>
<doc>นำทางกลับมายังหน้า Inventory เพื่อเตรียมพร้อมสำหรับ Test Case ถัดไป</doc>
<status status="PASS" start="2026-05-26T23:56:04.912033" elapsed="0.338352"/>
</kw>
<kw name="Get WebElements" owner="SeleniumLibrary">
<msg time="2026-05-26T23:56:05.284966" level="INFO">${items} = [&lt;selenium.webdriver.remote.webelement.WebElement (session="b0a69fbf73ae8c3a471c795efef7aee8", element="f.9D0B468276029E40B7700DB9003FCD36.d.760BC4B743BFB9AA27889B2C145D03E4.e.49")&gt;, &lt;selenium.webdriv...</msg>
<var>${items}</var>
<arg>${ITEM_NAMES}</arg>
<doc>Returns a list of WebElement objects matching the ``locator``.</doc>
<status status="PASS" start="2026-05-26T23:56:05.250385" elapsed="0.035576"/>
</kw>
<kw name="Get Length" owner="BuiltIn">
<msg time="2026-05-26T23:56:05.285961" level="INFO">Length is 6.</msg>
<msg time="2026-05-26T23:56:05.285961" level="INFO">${count} = 6</msg>
<var>${count}</var>
<arg>${items}</arg>
<doc>Returns and logs the length of the given item as an integer.</doc>
<status status="PASS" start="2026-05-26T23:56:05.285961" elapsed="0.000000"/>
</kw>
<kw name="Should Be Equal As Integers" owner="BuiltIn">
<msg time="2026-05-26T23:56:05.287057" level="INFO">Argument types are:
&lt;class 'int'&gt;
&lt;class 'str'&gt;</msg>
<arg>${count}</arg>
<arg>6</arg>
<arg>msg=คาดว่าจะมีสินค้า 6 รายการ แต่พบ ${count} รายการ</arg>
<doc>Fails if objects are unequal after converting them to integers.</doc>
<status status="PASS" start="2026-05-26T23:56:05.285961" elapsed="0.001096"/>
</kw>
<doc>ตรวจสอบว่าหน้า Inventory แสดงสินค้าครบ 6 รายการหลังจาก Login สำเร็จ</doc>
<tag>Critical</tag>
<tag>Inventory</tag>
<tag>Positive</tag>
<tag>Smoke</tag>
<tag>TC-001</tag>
<tag>TS-002</tag>
<status status="PASS" start="2026-05-26T23:56:04.909035" elapsed="0.378022"/>
</test>
<kw name="Close All Browsers" owner="SeleniumLibrary" type="TEARDOWN">
<doc>Closes all open browsers and resets the browser cache.</doc>
<status status="PASS" start="2026-05-26T23:56:05.288056" elapsed="2.162653"/>
</kw>
<status status="PASS" start="2026-05-26T23:55:57.977022" elapsed="9.473687"/>
</suite>
<statistics>
<total>
<stat pass="1" fail="0" skip="0">All Tests</stat>
</total>
<tag>
<stat pass="1" fail="0" skip="0">Critical</stat>
<stat pass="1" fail="0" skip="0">Inventory</stat>
<stat pass="1" fail="0" skip="0">Positive</stat>
<stat pass="1" fail="0" skip="0">Smoke</stat>
<stat pass="1" fail="0" skip="0">TC-001</stat>
<stat pass="1" fail="0" skip="0">TS-002</stat>
</tag>
<suite>
<stat name="T inventory" id="s1" pass="1" fail="0" skip="0">T inventory</stat>
</suite>
</statistics>
<errors>
</errors>
</robot>
